<?xml version="1.0" encoding="UTF-8"?>
<!-- Generated by org.testng.reporters.JUnitReportReporter -->
<testsuite hostname="LAPTOP-GROKCFL4" failures="0" tests="1" name="testcasemaven.HomeTest" time="6.057" errors="0" timestamp="2022-03-06T11:54:38 IST" skipped="0">
  <testcase classname="testcasemaven.HomeTest" name="test1" time="6.057"/>
  <system-out/>
</testsuite> <!-- testcasemaven.HomeTest -->
